<?xml version="1.0" encoding="UTF-8"?>
<!-- Generated by org.testng.reporters.JUnitReportReporter -->
<testsuite hostname="DESKTOP-8U3ADUP" failures="0" tests="1" name="com.DemoWebShop.testScripts.LoginTest" time="19.794" errors="0" timestamp="2024-02-21T11:09:13 IST" skipped="0">
  <testcase classname="com.DemoWebShop.testScripts.LoginTest" name="TC_Login_001" time="19.794"/>
  <system-out/>
</testsuite> <!-- com.DemoWebShop.testScripts.LoginTest -->
